AppDocSach/app/build/intermediates/manifest_merge_blame_file/debug/processDebugMainManifest/manifest-merger-blame-debug-report.txt
1<?xml version="1.0" encoding="utf-8"?>
2<manifest xmlns:android="http://schemas.android.com/apk/res/android"
3    package="com.example.appdocsach"
4    android:versionCode="1"
5    android:versionName="1.0" >
6
7    <uses-sdk
8        android:minSdkVersion="24"
9        android:targetSdkVersion="34" />
10
11    <uses-permission android:name="android.permission.INTERNET" />
11-->src\main\AndroidManifest.xml:5:5-67
11-->src\main\AndroidManifest.xml:5:22-64
12
13    <queries>
13-->[com.facebook.android:facebook-common:17.0.0] AndroidManifest.xml:17:5-19:15
14        <package android:name="com.facebook.katana" />
14-->[com.facebook.android:facebook-common:17.0.0] AndroidManifest.xml:18:9-55
14-->[com.facebook.android:facebook-common:17.0.0] AndroidManifest.xml:18:18-52
15    </queries>
16
17    <uses-permission android:name="com.google.android.gms.permission.AD_ID" />
17-->[com.facebook.android:facebook-core:17.0.0] AndroidManifest.xml:16:5-79
17-->[com.facebook.android:facebook-core:17.0.0] AndroidManifest.xml:16:22-76
18
19    <permission
19-->[androidx.core:core:1.13.0] AndroidManifest.xml:22:5-24:47
20        android:name="com.example.appdocsach.DYNAMIC_RECEIVER_NOT_EXPORTED_PERMISSION"
20-->[androidx.core:core:1.13.0] AndroidManifest.xml:23:9-81
21        android:protectionLevel="signature" />
21-->[androidx.core:core:1.13.0] AndroidManifest.xml:24:9-44
22
23    <uses-permission android:name="com.example.appdocsach.DYNAMIC_RECEIVER_NOT_EXPORTED_PERMISSION" />
23-->[androidx.core:core:1.13.0] AndroidManifest.xml:26:5-97
23-->[androidx.core:core:1.13.0] AndroidManifest.xml:26:22-94
24    <uses-permission android:name="com.google.android.finsky.permission.BIND_GET_INSTALL_REFERRER_SERVICE" />
24-->[com.android.installreferrer:installreferrer:1.0] AndroidManifest.xml:9:5-110
24-->[com.android.installreferrer:installreferrer:1.0] AndroidManifest.xml:9:22-107
25
26    <application
26-->src\main\AndroidManifest.xml:7:5-62:19
27        android:allowBackup="true"
27-->src\main\AndroidManifest.xml:8:9-35
28        android:appComponentFactory="androidx.core.app.CoreComponentFactory"
28-->[androidx.core:core:1.13.0] AndroidManifest.xml:28:18-86
29        android:dataExtractionRules="@xml/data_extraction_rules"
29-->src\main\AndroidManifest.xml:9:9-65
30        android:debuggable="true"
31        android:extractNativeLibs="false"
32        android:fullBackupContent="@xml/backup_rules"
32-->src\main\AndroidManifest.xml:10:9-54
33        android:icon="@mipmap/ic_launcher"
33-->src\main\AndroidManifest.xml:11:9-43
34        android:label="@string/app_name"
34-->src\main\AndroidManifest.xml:12:9-41
35        android:roundIcon="@mipmap/ic_launcher_round"
35-->src\main\AndroidManifest.xml:13:9-54
36        android:supportsRtl="true"
36-->src\main\AndroidManifest.xml:14:9-35
37        android:testOnly="true"
38        android:theme="@style/Theme.Login" >
38-->src\main\AndroidManifest.xml:15:9-43
39        <activity
39-->src\main\AndroidManifest.xml:17:9-19:40
40            android:name="com.example.appdocsach.Setting"
40-->src\main\AndroidManifest.xml:18:13-36
41            android:exported="false" />
41-->src\main\AndroidManifest.xml:19:13-37
42        <activity
42-->src\main\AndroidManifest.xml:20:9-22:40
43            android:name="com.example.appdocsach.UserActivity"
43-->src\main\AndroidManifest.xml:21:13-41
44            android:exported="false" />
44-->src\main\AndroidManifest.xml:22:13-37
45
46        <meta-data
46-->src\main\AndroidManifest.xml:24:9-26:55
47            android:name="com.facebook.sdk.ApplicationId"
47-->src\main\AndroidManifest.xml:25:13-58
48            android:value="@string/facebook_app_id" />
48-->src\main\AndroidManifest.xml:26:13-52
49        <meta-data
49-->src\main\AndroidManifest.xml:27:9-29:61
50            android:name="com.facebook.sdk.ClientToken"
50-->src\main\AndroidManifest.xml:28:13-56
51            android:value="@string/facebook_client_token" />
51-->src\main\AndroidManifest.xml:29:13-58
52
53        <activity
53-->src\main\AndroidManifest.xml:31:9-39:20
54            android:name="com.example.appdocsach.StartActivity"
54-->src\main\AndroidManifest.xml:32:13-42
55            android:exported="true" >
55-->src\main\AndroidManifest.xml:33:13-36
56            <intent-filter>
56-->src\main\AndroidManifest.xml:34:13-38:29
57                <action android:name="android.intent.action.MAIN" />
57-->src\main\AndroidManifest.xml:35:17-69
57-->src\main\AndroidManifest.xml:35:25-66
58
59                <category android:name="android.intent.category.LAUNCHER" />
59-->src\main\AndroidManifest.xml:37:17-77
59-->src\main\AndroidManifest.xml:37:27-74
60            </intent-filter>
61        </activity>
62        <activity
62-->src\main\AndroidManifest.xml:40:9-42:99
63            android:name="com.facebook.FacebookActivity"
63-->src\main\AndroidManifest.xml:41:13-57
64            android:configChanges="keyboard|keyboardHidden|screenLayout|screenSize|orientation"
64-->src\main\AndroidManifest.xml:42:13-96
65            android:theme="@style/com_facebook_activity_theme" />
65-->[com.facebook.android:facebook-common:17.0.0] AndroidManifest.xml:25:13-63
66        <activity
66-->src\main\AndroidManifest.xml:43:9-54:20
67            android:name="com.facebook.CustomTabActivity"
67-->src\main\AndroidManifest.xml:44:13-58
68            android:exported="true" >
68-->src\main\AndroidManifest.xml:45:13-36
69            <intent-filter>
69-->src\main\AndroidManifest.xml:46:13-53:29
70                <action android:name="android.intent.action.VIEW" />
70-->src\main\AndroidManifest.xml:47:17-69
70-->src\main\AndroidManifest.xml:47:25-66
71
72                <category android:name="android.intent.category.DEFAULT" />
72-->src\main\AndroidManifest.xml:49:17-76
72-->src\main\AndroidManifest.xml:49:27-73
73                <category android:name="android.intent.category.BROWSABLE" />
73-->src\main\AndroidManifest.xml:50:17-78
73-->src\main\AndroidManifest.xml:50:27-75
74
75                <data android:scheme="@string/fb_login_protocol_scheme" />
75-->src\main\AndroidManifest.xml:52:17-75
75-->src\main\AndroidManifest.xml:52:23-72
76            </intent-filter>
77            <intent-filter>
77-->[com.facebook.android:facebook-common:17.0.0] AndroidManifest.xml:31:13-40:29
78                <action android:name="android.intent.action.VIEW" />
78-->src\main\AndroidManifest.xml:47:17-69
78-->src\main\AndroidManifest.xml:47:25-66
79
80                <category android:name="android.intent.category.DEFAULT" />
80-->src\main\AndroidManifest.xml:49:17-76
80-->src\main\AndroidManifest.xml:49:27-73
81                <category android:name="android.intent.category.BROWSABLE" />
81-->src\main\AndroidManifest.xml:50:17-78
81-->src\main\AndroidManifest.xml:50:27-75
82
83                <data
83-->src\main\AndroidManifest.xml:52:17-75
84                    android:host="cct.com.example.appdocsach"
85                    android:scheme="fbconnect" />
85-->src\main\AndroidManifest.xml:52:23-72
86            </intent-filter>
87        </activity>
88        <activity
88-->src\main\AndroidManifest.xml:55:9-57:40
89            android:name="com.example.appdocsach.HomePageActivity"
89-->src\main\AndroidManifest.xml:56:13-45
90            android:exported="false" />
90-->src\main\AndroidManifest.xml:57:13-37
91        <activity
91-->src\main\AndroidManifest.xml:58:9-60:40
92            android:name="com.example.appdocsach.LoginActivity"
92-->src\main\AndroidManifest.xml:59:13-42
93            android:exported="false" />
93-->src\main\AndroidManifest.xml:60:13-37
94        <activity android:name="com.example.appdocsach.SignUpActivity" />
94-->src\main\AndroidManifest.xml:61:9-52
94-->src\main\AndroidManifest.xml:61:19-49
95        <activity android:name="com.facebook.CustomTabMainActivity" />
95-->[com.facebook.android:facebook-common:17.0.0] AndroidManifest.xml:26:9-71
95-->[com.facebook.android:facebook-common:17.0.0] AndroidManifest.xml:26:19-68
96        <activity
96-->[com.google.android.gms:play-services-auth:21.2.0] AndroidManifest.xml:23:9-27:75
97            android:name="com.google.android.gms.auth.api.signin.internal.SignInHubActivity"
97-->[com.google.android.gms:play-services-auth:21.2.0] AndroidManifest.xml:24:13-93
98            android:excludeFromRecents="true"
98-->[com.google.android.gms:play-services-auth:21.2.0] AndroidManifest.xml:25:13-46
99            android:exported="false"
99-->[com.google.android.gms:play-services-auth:21.2.0] AndroidManifest.xml:26:13-37
100            android:theme="@android:style/Theme.Translucent.NoTitleBar" />
100-->[com.google.android.gms:play-services-auth:21.2.0] AndroidManifest.xml:27:13-72
101        <!--
102            Service handling Google Sign-In user revocation. For apps that do not integrate with
103            Google Sign-In, this service will never be started.
104        -->
105        <service
105-->[com.google.android.gms:play-services-auth:21.2.0] AndroidManifest.xml:33:9-37:51
106            android:name="com.google.android.gms.auth.api.signin.RevocationBoundService"
106-->[com.google.android.gms:play-services-auth:21.2.0] AndroidManifest.xml:34:13-89
107            android:exported="true"
107-->[com.google.android.gms:play-services-auth:21.2.0] AndroidManifest.xml:35:13-36
108            android:permission="com.google.android.gms.auth.api.signin.permission.REVOCATION_NOTIFICATION"
108-->[com.google.android.gms:play-services-auth:21.2.0] AndroidManifest.xml:36:13-107
109            android:visibleToInstantApps="true" />
109-->[com.google.android.gms:play-services-auth:21.2.0] AndroidManifest.xml:37:13-48
110
111        <activity
111-->[com.google.android.gms:play-services-base:18.3.0] AndroidManifest.xml:20:9-22:45
112            android:name="com.google.android.gms.common.api.GoogleApiActivity"
112-->[com.google.android.gms:play-services-base:18.3.0] AndroidManifest.xml:20:19-85
113            android:exported="false"
113-->[com.google.android.gms:play-services-base:18.3.0] AndroidManifest.xml:22:19-43
114            android:theme="@android:style/Theme.Translucent.NoTitleBar" />
114-->[com.google.android.gms:play-services-base:18.3.0] AndroidManifest.xml:21:19-78
115
116        <meta-data
116-->[com.google.android.gms:play-services-basement:18.3.0] AndroidManifest.xml:21:9-23:69
117            android:name="com.google.android.gms.version"
117-->[com.google.android.gms:play-services-basement:18.3.0] AndroidManifest.xml:22:13-58
118            android:value="@integer/google_play_services_version" />
118-->[com.google.android.gms:play-services-basement:18.3.0] AndroidManifest.xml:23:13-66
119
120        <provider
120-->[androidx.emoji2:emoji2:1.2.0] AndroidManifest.xml:24:9-32:20
121            android:name="androidx.startup.InitializationProvider"
121-->[androidx.emoji2:emoji2:1.2.0] AndroidManifest.xml:25:13-67
122            android:authorities="com.example.appdocsach.androidx-startup"
122-->[androidx.emoji2:emoji2:1.2.0] AndroidManifest.xml:26:13-68
123            android:exported="false" >
123-->[androidx.emoji2:emoji2:1.2.0] AndroidManifest.xml:27:13-37
124            <meta-data
124-->[androidx.emoji2:emoji2:1.2.0] AndroidManifest.xml:29:13-31:52
125                android:name="androidx.emoji2.text.EmojiCompatInitializer"
125-->[androidx.emoji2:emoji2:1.2.0] AndroidManifest.xml:30:17-75
126                android:value="androidx.startup" />
126-->[androidx.emoji2:emoji2:1.2.0] AndroidManifest.xml:31:17-49
127            <meta-data
127-->[androidx.lifecycle:lifecycle-process:2.6.2] AndroidManifest.xml:29:13-31:52
128                android:name="androidx.lifecycle.ProcessLifecycleInitializer"
128-->[androidx.lifecycle:lifecycle-process:2.6.2] AndroidManifest.xml:30:17-78
129                android:value="androidx.startup" />
129-->[androidx.lifecycle:lifecycle-process:2.6.2] AndroidManifest.xml:31:17-49
130            <meta-data
130-->[androidx.profileinstaller:profileinstaller:1.3.1] AndroidManifest.xml:29:13-31:52
131                android:name="androidx.profileinstaller.ProfileInstallerInitializer"
131-->[androidx.profileinstaller:profileinstaller:1.3.1] AndroidManifest.xml:30:17-85
132                android:value="androidx.startup" />
132-->[androidx.profileinstaller:profileinstaller:1.3.1] AndroidManifest.xml:31:17-49
133        </provider>
134        <!--
135         The initialization ContentProvider will call FacebookSdk.sdkInitialize automatically
136         with the application context. This config is merged in with the host app's manifest,
137         but there can only be one provider with the same authority activated at any given
138         point; so if the end user has two or more different apps that use Facebook SDK, only the
139         first one will be able to use the provider. To work around this problem, we use the
140         following placeholder in the authority to identify each host application as if it was
141         a completely different provider.
142        -->
143        <provider
143-->[com.facebook.android:facebook-core:17.0.0] AndroidManifest.xml:29:9-32:40
144            android:name="com.facebook.internal.FacebookInitProvider"
144-->[com.facebook.android:facebook-core:17.0.0] AndroidManifest.xml:30:13-70
145            android:authorities="com.example.appdocsach.FacebookInitProvider"
145-->[com.facebook.android:facebook-core:17.0.0] AndroidManifest.xml:31:13-72
146            android:exported="false" />
146-->[com.facebook.android:facebook-core:17.0.0] AndroidManifest.xml:32:13-37
147
148        <receiver
148-->[com.facebook.android:facebook-core:17.0.0] AndroidManifest.xml:34:9-40:20
149            android:name="com.facebook.CurrentAccessTokenExpirationBroadcastReceiver"
149-->[com.facebook.android:facebook-core:17.0.0] AndroidManifest.xml:35:13-86
150            android:exported="false" >
150-->[com.facebook.android:facebook-core:17.0.0] AndroidManifest.xml:36:13-37
151            <intent-filter>
151-->[com.facebook.android:facebook-core:17.0.0] AndroidManifest.xml:37:13-39:29
152                <action android:name="com.facebook.sdk.ACTION_CURRENT_ACCESS_TOKEN_CHANGED" />
152-->[com.facebook.android:facebook-core:17.0.0] AndroidManifest.xml:38:17-95
152-->[com.facebook.android:facebook-core:17.0.0] AndroidManifest.xml:38:25-92
153            </intent-filter>
154        </receiver>
155        <receiver
155-->[com.facebook.android:facebook-core:17.0.0] AndroidManifest.xml:41:9-47:20
156            android:name="com.facebook.AuthenticationTokenManager$CurrentAuthenticationTokenChangedBroadcastReceiver"
156-->[com.facebook.android:facebook-core:17.0.0] AndroidManifest.xml:42:13-118
157            android:exported="false" >
157-->[com.facebook.android:facebook-core:17.0.0] AndroidManifest.xml:43:13-37
158            <intent-filter>
158-->[com.facebook.android:facebook-core:17.0.0] AndroidManifest.xml:44:13-46:29
159                <action android:name="com.facebook.sdk.ACTION_CURRENT_AUTHENTICATION_TOKEN_CHANGED" />
159-->[com.facebook.android:facebook-core:17.0.0] AndroidManifest.xml:45:17-103
159-->[com.facebook.android:facebook-core:17.0.0] AndroidManifest.xml:45:25-100
160            </intent-filter>
161        </receiver>
162        <receiver
162-->[androidx.profileinstaller:profileinstaller:1.3.1] AndroidManifest.xml:34:9-52:20
163            android:name="androidx.profileinstaller.ProfileInstallReceiver"
163-->[androidx.profileinstaller:profileinstaller:1.3.1] AndroidManifest.xml:35:13-76
164            android:directBootAware="false"
164-->[androidx.profileinstaller:profileinstaller:1.3.1] AndroidManifest.xml:36:13-44
165            android:enabled="true"
165-->[androidx.profileinstaller:profileinstaller:1.3.1] AndroidManifest.xml:37:13-35
166            android:exported="true"
166-->[androidx.profileinstaller:profileinstaller:1.3.1] AndroidManifest.xml:38:13-36
167            android:permission="android.permission.DUMP" >
167-->[androidx.profileinstaller:profileinstaller:1.3.1] AndroidManifest.xml:39:13-57
168            <intent-filter>
168-->[androidx.profileinstaller:profileinstaller:1.3.1] AndroidManifest.xml:40:13-42:29
169                <action android:name="androidx.profileinstaller.action.INSTALL_PROFILE" />
169-->[androidx.profileinstaller:profileinstaller:1.3.1] AndroidManifest.xml:41:17-91
169-->[androidx.profileinstaller:profileinstaller:1.3.1] AndroidManifest.xml:41:25-88
170            </intent-filter>
171            <intent-filter>
171-->[androidx.profileinstaller:profileinstaller:1.3.1] AndroidManifest.xml:43:13-45:29
172                <action android:name="androidx.profileinstaller.action.SKIP_FILE" />
172-->[androidx.profileinstaller:profileinstaller:1.3.1] AndroidManifest.xml:44:17-85
172-->[androidx.profileinstaller:profileinstaller:1.3.1] AndroidManifest.xml:44:25-82
173            </intent-filter>
174            <intent-filter>
174-->[androidx.profileinstaller:profileinstaller:1.3.1] AndroidManifest.xml:46:13-48:29
175                <action android:name="androidx.profileinstaller.action.SAVE_PROFILE" />
175-->[androidx.profileinstaller:profileinstaller:1.3.1] AndroidManifest.xml:47:17-88
175-->[androidx.profileinstaller:profileinstaller:1.3.1] AndroidManifest.xml:47:25-85
176            </intent-filter>
177            <intent-filter>
177-->[androidx.profileinstaller:profileinstaller:1.3.1] AndroidManifest.xml:49:13-51:29
178                <action android:name="androidx.profileinstaller.action.BENCHMARK_OPERATION" />
178-->[androidx.profileinstaller:profileinstaller:1.3.1] AndroidManifest.xml:50:17-95
178-->[androidx.profileinstaller:profileinstaller:1.3.1] AndroidManifest.xml:50:25-92
179            </intent-filter>
180        </receiver>
181    </application>
182
183</manifest>